E:\desktop sc\EmergencySpace\GameEngine\GameEngine\Debug\cl.command.1.tlog
E:\desktop sc\EmergencySpace\GameEngine\GameEngine\Debug\CL.read.1.tlog
E:\desktop sc\EmergencySpace\GameEngine\GameEngine\Debug\CL.write.1.tlog
E:\DESKTOP SC\EMERGENCYSPACE\GAMEENGINE\GAMEENGINE\DEBUG\D3DAPP.OBJ
E:\DESKTOP SC\EMERGENCYSPACE\GAMEENGINE\GAMEENGINE\DEBUG\D3DCAMERA.OBJ
E:\DESKTOP SC\EMERGENCYSPACE\GAMEENGINE\GAMEENGINE\DEBUG\D3DLIGHT.OBJ
E:\DESKTOP SC\EMERGENCYSPACE\GAMEENGINE\GAMEENGINE\DEBUG\D3DMODEL.OBJ
E:\DESKTOP SC\EMERGENCYSPACE\GAMEENGINE\GAMEENGINE\DEBUG\D3DTEXTURE.OBJ
E:\DESKTOP SC\EMERGENCYSPACE\GAMEENGINE\GAMEENGINE\DEBUG\ENTITYMANAGER.OBJ
E:\DESKTOP SC\EMERGENCYSPACE\GAMEENGINE\GAMEENGINE\DEBUG\GAMEINTERFACE.OBJ
E:\DESKTOP SC\EMERGENCYSPACE\GAMEENGINE\GAMEENGINE\DEBUG\GAMEMAIN.OBJ
E:\DESKTOP SC\EMERGENCYSPACE\GAMEENGINE\GAMEENGINE\DEBUG\GAMEOPTIONS.OBJ
E:\DESKTOP SC\EMERGENCYSPACE\GAMEENGINE\GAMEENGINE\DEBUG\GRAPHICSINTERFACE.OBJ
E:\DESKTOP SC\EMERGENCYSPACE\GAMEENGINE\GAMEENGINE\DEBUG\LIGHTSHADER.OBJ
E:\DESKTOP SC\EMERGENCYSPACE\GAMEENGINE\GAMEENGINE\DEBUG\MATRIX2D.OBJ
E:\DESKTOP SC\EMERGENCYSPACE\GAMEENGINE\GAMEENGINE\DEBUG\MATRIX3D.OBJ
E:\DESKTOP SC\EMERGENCYSPACE\GAMEENGINE\GAMEENGINE\DEBUG\MATRIX4D.OBJ
E:\DESKTOP SC\EMERGENCYSPACE\GAMEENGINE\GAMEENGINE\DEBUG\MODELMANAGER.OBJ
E:\DESKTOP SC\EMERGENCYSPACE\GAMEENGINE\GAMEENGINE\DEBUG\QUATERNION.OBJ
E:\DESKTOP SC\EMERGENCYSPACE\GAMEENGINE\GAMEENGINE\DEBUG\TEXTUREMANAGER.OBJ
E:\desktop sc\EmergencySpace\GameEngine\GameEngine\Debug\vc100.idb
E:\DESKTOP SC\EMERGENCYSPACE\GAMEENGINE\GAMEENGINE\DEBUG\VC100.PDB
E:\DESKTOP SC\EMERGENCYSPACE\GAMEENGINE\GAMEENGINE\DEBUG\VECTOR2D.OBJ
E:\DESKTOP SC\EMERGENCYSPACE\GAMEENGINE\GAMEENGINE\DEBUG\VECTOR3D.OBJ
E:\DESKTOP SC\EMERGENCYSPACE\GAMEENGINE\GAMEENGINE\DEBUG\VECTOR4D.OBJ
E:\DESKTOP SC\EMERGENCYSPACE\GAMEENGINE\GAMEENGINE\DEBUG\WINMAIN.OBJ
E:\DESKTOP SC\EMERGENCYSPACE\GAMEENGINE\GAMEENGINE\DEBUG\WINUTIL.OBJ
